<?xml version="1.0" encoding="UTF-8"?>
<!-- Generated by org.testng.reporters.JUnitReportReporter -->
<testsuite hostname="AMALITECH-PC-658" failures="0" tests="2" name="tests.TestValidCredential" time="9.167" errors="0" timestamp="2023-09-18T21:25:31 UTC" skipped="0">
  <testcase classname="tests.TestValidCredential" name="validLogin" time="8.886"/>
  <system-out/>
  <testcase classname="tests.TestValidCredential" name="tester" time="0.281"/>
  <system-out/>
</testsuite> <!-- tests.TestValidCredential -->
