<?xml version="1.0" encoding="UTF-8"?>
<!-- Generated by org.testng.reporters.JUnitReportReporter -->
<testsuite hostname="AMALITECH-PC-658" failures="0" tests="1" name="tests.BaseClass" time="0.007" errors="0" timestamp="2023-09-18T17:00:24 UTC" skipped="0">
  <testcase classname="tests.BaseClass" name="tester" time="0.007"/>
  <system-out/>
</testsuite> <!-- tests.BaseClass -->
