<?xml version="1.0" encoding="UTF-8"?>
<!-- Generated by org.testng.reporters.JUnitReportReporter -->
<testsuite hostname="AMALITECH-PC-658" failures="0" tests="7" name="tests.TestInvalidCredentials" time="41.072" errors="0" timestamp="2023-09-18T22:14:51 UTC" skipped="0">
  <testcase classname="tests.TestInvalidCredentials" name="emailAndNoPassword" time="4.056"/>
  <system-out/>
  <testcase classname="tests.TestInvalidCredentials" name="invalidEmailValidPassword" time="9.354"/>
  <system-out/>
  <testcase classname="tests.TestInvalidCredentials" name="validEmailInvalidPassword" time="9.567"/>
  <system-out/>
  <testcase classname="tests.TestInvalidCredentials" name="noEmailAndPassword" time="3.411"/>
  <system-out/>
  <testcase classname="tests.TestInvalidCredentials" name="invalidEmailInvalidPassword" time="9.820"/>
  <system-out/>
  <testcase classname="tests.TestInvalidCredentials" name="passwordAndNoEmail" time="4.201"/>
  <system-out/>
  <testcase classname="tests.TestInvalidCredentials" name="tester" time="0.663"/>
  <system-out/>
</testsuite> <!-- tests.TestInvalidCredentials -->
